TN:
SF:src/basic/add.tsx
FN:1,Add
FNF:1
FNH:1
FNDA:1,Add
DA:1,1
DA:2,1
DA:3,1
DA:4,1
DA:5,1
LF:5
LH:5
BRDA:1,0,0,1
BRF:1
BRH:1
end_of_record
TN:
SF:src/basic/async.tsx
FN:1,fetchProduct
FNF:1
FNH:1
FNDA:5,fetchProduct
DA:1,5
DA:2,5
DA:3,1
DA:4,1
DA:5,1
DA:6,4
DA:7,4
DA:8,4
DA:9,1
DA:10,1
DA:11,1
DA:12,1
DA:13,1
LF:13
LH:13
BRDA:1,0,0,5
BRDA:2,1,0,1
BRDA:6,2,0,4
BRF:3
BRH:3
end_of_record
TN:
SF:src/basic/calculator.tsx
FN:2,<instance_members_initializer>
FN:4,calculator
FN:8,set
FN:12,clear
FN:16,add
FN:24,subtract
FN:28,multiply
FN:32,divide
FNF:8
FNH:8
FNDA:10,<instance_members_initializer>
FNDA:10,calculator
FNDA:5,set
FNDA:1,clear
FNDA:3,add
FNDA:1,subtract
FNDA:1,multiply
FNDA:3,divide
DA:1,1
DA:2,1
DA:3,1
DA:4,1
DA:5,10
DA:6,10
DA:7,1
DA:8,1
DA:9,5
DA:10,5
DA:11,1
DA:12,1
DA:13,1
DA:14,1
DA:15,1
DA:16,1
DA:17,2
DA:18,2
DA:19,2
DA:20,2
DA:21,2
DA:22,2
DA:23,1
DA:24,1
DA:25,1
DA:26,1
DA:27,1
DA:28,1
DA:29,1
DA:30,1
DA:31,1
DA:32,1
DA:33,3
DA:34,3
DA:35,1
DA:36,1
DA:37,1
DA:38,1
DA:39,1
LF:39
LH:39
BRDA:2,0,0,10
BRDA:4,1,0,10
BRDA:8,2,0,5
BRDA:12,3,0,1
BRDA:16,4,0,3
BRDA:18,5,0,1
BRDA:16,6,0,2
BRDA:24,7,0,1
BRDA:28,8,0,1
BRDA:32,9,0,3
BRF:10
BRH:10
end_of_record
TN:
SF:src/mock/check/check.tsx
FN:1,Check
FNF:1
FNH:1
FNDA:2,Check
DA:1,2
DA:2,2
DA:3,1
DA:4,1
DA:5,1
DA:6,1
DA:7,2
DA:8,1
DA:9,1
LF:9
LH:9
BRDA:1,0,0,2
BRDA:2,1,0,1
BRF:2
BRH:2
end_of_record
